mode: set
ip2country-api/internal/ip2country/csv_service.go:18.58,24.43 2 1
ip2country-api/internal/ip2country/csv_service.go:24.43,26.3 1 1
ip2country-api/internal/ip2country/csv_service.go:28.2,28.21 1 1
ip2country-api/internal/ip2country/csv_service.go:32.39,34.16 2 1
ip2country-api/internal/ip2country/csv_service.go:34.16,36.3 1 1
ip2country-api/internal/ip2country/csv_service.go:37.2,41.16 4 1
ip2country-api/internal/ip2country/csv_service.go:41.16,43.3 1 0
ip2country-api/internal/ip2country/csv_service.go:45.2,48.33 3 1
ip2country-api/internal/ip2country/csv_service.go:48.33,49.23 1 1
ip2country-api/internal/ip2country/csv_service.go:49.23,51.4 1 1
ip2country-api/internal/ip2country/csv_service.go:52.3,59.4 4 1
ip2country-api/internal/ip2country/csv_service.go:62.2,62.12 1 1
ip2country-api/internal/ip2country/csv_service.go:66.59,68.20 1 1
ip2country-api/internal/ip2country/csv_service.go:68.20,70.3 1 1
ip2country-api/internal/ip2country/csv_service.go:72.2,76.12 4 1
ip2country-api/internal/ip2country/csv_service.go:76.12,78.3 1 1
ip2country-api/internal/ip2country/csv_service.go:80.2,80.20 1 1
ip2country-api/internal/ip2country/helpers.go:6.32,9.2 2 1
ip2country-api/internal/ip2country/ip2country.go:14.63,16.21 1 1
ip2country-api/internal/ip2country/ip2country.go:17.13,18.39 1 1
ip2country-api/internal/ip2country/ip2country.go:19.17,20.44 1 1
ip2country-api/internal/ip2country/ip2country.go:21.15,22.43 1 1
ip2country-api/internal/ip2country/ip2country.go:24.10,25.71 1 1
ip2country-api/internal/ip2country/mongodb_service.go:8.61,11.2 1 1
ip2country-api/internal/ip2country/mongodb_service.go:13.63,16.2 1 1
ip2country-api/internal/ip2country/redis_service.go:9.58,12.2 1 1
ip2country-api/internal/ip2country/redis_service.go:14.61,17.2 1 1
