mode: set
ip2country-api/internal/config/config.go:27.30,29.40 1 1
ip2country-api/internal/config/config.go:29.40,31.3 1 1
ip2country-api/internal/config/config.go:34.2,35.65 2 1
ip2country-api/internal/config/config.go:35.65,37.17 2 1
ip2country-api/internal/config/config.go:37.17,39.4 1 1
ip2country-api/internal/config/config.go:40.3,40.27 1 1
ip2country-api/internal/config/config.go:44.2,45.49 2 1
ip2country-api/internal/config/config.go:45.49,47.17 2 1
ip2country-api/internal/config/config.go:47.17,49.4 1 1
ip2country-api/internal/config/config.go:50.3,50.17 1 1
ip2country-api/internal/config/config.go:54.2,55.67 2 1
ip2country-api/internal/config/config.go:55.67,57.3 1 1
ip2country-api/internal/config/config.go:60.2,61.66 2 1
ip2country-api/internal/config/config.go:61.66,63.3 1 0
ip2country-api/internal/config/config.go:66.2,67.56 2 1
ip2country-api/internal/config/config.go:67.56,69.3 1 0
ip2country-api/internal/config/config.go:72.2,73.59 2 1
ip2country-api/internal/config/config.go:73.59,75.3 1 0
ip2country-api/internal/config/config.go:77.2,88.20 2 1
